<?xml version="1.0" encoding="UTF-8"?>
<testsuite name="CcyClient.Number2WordsTest" time="0.013" tests="13" errors="0" skipped="0" failures="0">
  <properties>
[...]
</properties>
  <testcase name="testConvert1" classname="CcyClient.Number2WordsTest" time="0"/>
  <testcase name="testConvert2" classname="CcyClient.Number2WordsTest" time="0"/>
  <testcase name="testConvert3" classname="CcyClient.Number2WordsTest" time="0"/>
  <testcase name="testConvert4" classname="CcyClient.Number2WordsTest" time="0"/>
  <testcase name="testConvert5" classname="CcyClient.Number2WordsTest" time="0"/>
  <testcase name="testConvert" classname="CcyClient.Number2WordsTest" time="0"/>
  <testcase name="testLong2Word" classname="CcyClient.Number2WordsTest" time="0"/>
  <testcase name="testLong2Word1" classname="CcyClient.Number2WordsTest" time="0"/>
  <testcase name="testLong2Word2" classname="CcyClient.Number2WordsTest" time="0.013"/>
  <testcase name="testLong2Word3" classname="CcyClient.Number2WordsTest" time="0"/>
  <testcase name="testLong2Word4" classname="CcyClient.Number2WordsTest" time="0"/>
  <testcase name="testLong2Word5" classname="CcyClient.Number2WordsTest" time="0"/>
  <testcase name="testLong2Word6" classname="CcyClient.Number2WordsTest" time="0"/>
</testsuite>